<?xml version="1.0" encoding="UTF-8"?>
<!-- Generated by org.testng.reporters.JUnitXMLReporter -->
<testsuite hostname="DESKTOP-9MISMLV" ignored="0" name="Test" tests="4" failures="0" timestamp="25 Dec 2019 11:00:22 GMT" time="37.961" errors="0">
  <testcase name="TestSuite" time="0.008" classname="pom.mercury.tours.Batch_Execution_Smoke"/>
  <testcase name="Drag_Drop" time="5.439" classname="pom.mercury.tours.Drag_Drop_Example"/>
  <testcase name="Sign_On" time="0.267" classname="pom.mercury.tours.Mouse_Over_Yatra"/>
  <testcase name="Sign_On" time="0.227" classname="pom.mercury.tours.HDFC_Netbanking_Alert_Handling"/>
</testsuite> <!-- Test -->
